<?xml version="1.0" encoding="UTF-8"?>
<testsuite xmlns:xsi="http://www.w3.org/2001/XMLSchema-instance" xsi:noNamespaceSchemaLocation="https://maven.apache.org/surefire/maven-surefire-plugin/xsd/surefire-test-report.xsd" name="com.example.artwork.controller.ArtistWebControllerHtmlUnitTest" time="3.041" tests="6" errors="0" skipped="0" failures="0">
  <properties>
[...]
</properties>
  <testcase name="testHomePageWithArtistsShowArtistsInTable" classname="com.example.artwork.controller.ArtistWebControllerHtmlUnitTest" time="1.704"/>
  <testcase name="testHomePageWithArtists" classname="com.example.artwork.controller.ArtistWebControllerHtmlUnitTest" time="0.043"/>
  <testcase name="testHomePageProvideLinkForCreatingNewArtist" classname="com.example.artwork.controller.ArtistWebControllerHtmlUnitTest" time="0.034"/>
  <testcase name="testEditArtistScore" classname="com.example.artwork.controller.ArtistWebControllerHtmlUnitTest" time="0.104"/>
  <testcase name="testArtistPageTitle" classname="com.example.artwork.controller.ArtistWebControllerHtmlUnitTest" time="0.033"/>
  <testcase name="testHighestScorePageWithArtists" classname="com.example.artwork.controller.ArtistWebControllerHtmlUnitTest" time="0.035"/>
</testsuite>